Analysis & Synthesis report for EB02
Mon Dec 07 12:15:07 2020
Quartus II 64-Bit Version 13.0.1 Build 232 06/12/2013 Service Pack 1 SJ Web Edition


---------------------
; Table of Contents ;
---------------------
  1. Legal Notice
  2. Analysis & Synthesis Summary
  3. Analysis & Synthesis Settings
  4. Parallel Compilation
  5. Analysis & Synthesis Source Files Read
  6. Analysis & Synthesis Resource Usage Summary
  7. Analysis & Synthesis Resource Utilization by Entity
  8. State Machine - |NanoProc|adress
  9. State Machine - |NanoProc|condition
 10. State Machine - |NanoProc|op
 11. Registers Removed During Synthesis
 12. General Register Statistics
 13. Inverted Register Statistics
 14. Multiplexer Restructuring Statistics (Restructuring Performed)
 15. Elapsed Time Per Partition
 16. Analysis & Synthesis Messages



----------------
; Legal Notice ;
----------------
Copyright (C) 1991-2013 Altera Corporation
Your use of Altera Corporation's design tools, logic functions 
and other software and tools, and its AMPP partner logic 
functions, and any output files from any of the foregoing 
(including device programming or simulation files), and any 
associated documentation or information are expressly subject 
to the terms and conditions of the Altera Program License 
Subscription Agreement, Altera MegaCore Function License 
Agreement, or other applicable license agreement, including, 
without limitation, that your use is for the sole purpose of 
programming logic devices manufactured by Altera and sold by 
Altera or its authorized distributors.  Please refer to the 
applicable agreement for further details.



+--------------------------------------------------------------------------------------+
; Analysis & Synthesis Summary                                                         ;
+------------------------------------+-------------------------------------------------+
; Analysis & Synthesis Status        ; Successful - Mon Dec 07 12:15:07 2020           ;
; Quartus II 64-Bit Version          ; 13.0.1 Build 232 06/12/2013 SP 1 SJ Web Edition ;
; Revision Name                      ; EB02                                            ;
; Top-level Entity Name              ; NanoProc                                        ;
; Family                             ; Cyclone II                                      ;
; Total logic elements               ; 5,821                                           ;
;     Total combinational functions  ; 4,015                                           ;
;     Dedicated logic registers      ; 2,168                                           ;
; Total registers                    ; 2168                                            ;
; Total pins                         ; 90                                              ;
; Total virtual pins                 ; 0                                               ;
; Total memory bits                  ; 0                                               ;
; Embedded Multiplier 9-bit elements ; 0                                               ;
; Total PLLs                         ; 0                                               ;
+------------------------------------+-------------------------------------------------+


+----------------------------------------------------------------------------------------------------------------------+
; Analysis & Synthesis Settings                                                                                        ;
+----------------------------------------------------------------------------+--------------------+--------------------+
; Option                                                                     ; Setting            ; Default Value      ;
+----------------------------------------------------------------------------+--------------------+--------------------+
; Device                                                                     ; EP2C35F672C6       ;                    ;
; Top-level entity name                                                      ; NanoProc           ; EB02               ;
; Family name                                                                ; Cyclone II         ; Cyclone IV GX      ;
; Type of Retiming Performed During Resynthesis                              ; Full               ;                    ;
; Resynthesis Optimization Effort                                            ; Normal             ;                    ;
; Physical Synthesis Level for Resynthesis                                   ; Normal             ;                    ;
; Use Generated Physical Constraints File                                    ; On                 ;                    ;
; Use smart compilation                                                      ; Off                ; Off                ;
; Enable parallel Assembler and TimeQuest Timing Analyzer during compilation ; On                 ; On                 ;
; Enable compact report table                                                ; Off                ; Off                ;
; Restructure Multiplexers                                                   ; Auto               ; Auto               ;
; Create Debugging Nodes for IP Cores                                        ; Off                ; Off                ;
; Preserve fewer node names                                                  ; On                 ; On                 ;
; Disable OpenCore Plus hardware evaluation                                  ; Off                ; Off                ;
; Verilog Version                                                            ; Verilog_2001       ; Verilog_2001       ;
; VHDL Version                                                               ; VHDL_1993          ; VHDL_1993          ;
; State Machine Processing                                                   ; Auto               ; Auto               ;
; Safe State Machine                                                         ; Off                ; Off                ;
; Extract Verilog State Machines                                             ; On                 ; On                 ;
; Extract VHDL State Machines                                                ; On                 ; On                 ;
; Ignore Verilog initial constructs                                          ; Off                ; Off                ;
; Iteration limit for constant Verilog loops                                 ; 5000               ; 5000               ;
; Iteration limit for non-constant Verilog loops                             ; 250                ; 250                ;
; Add Pass-Through Logic to Inferred RAMs                                    ; On                 ; On                 ;
; Infer RAMs from Raw Logic                                                  ; On                 ; On                 ;
; Parallel Synthesis                                                         ; On                 ; On                 ;
; DSP Block Balancing                                                        ; Auto               ; Auto               ;
; NOT Gate Push-Back                                                         ; On                 ; On                 ;
; Power-Up Don't Care                                                        ; On                 ; On                 ;
; Remove Redundant Logic Cells                                               ; Off                ; Off                ;
; Remove Duplicate Registers                                                 ; On                 ; On                 ;
; Ignore CARRY Buffers                                                       ; Off                ; Off                ;
; Ignore CASCADE Buffers                                                     ; Off                ; Off                ;
; Ignore GLOBAL Buffers                                                      ; Off                ; Off                ;
; Ignore ROW GLOBAL Buffers                                                  ; Off                ; Off                ;
; Ignore LCELL Buffers                                                       ; Off                ; Off                ;
; Ignore SOFT Buffers                                                        ; On                 ; On                 ;
; Limit AHDL Integers to 32 Bits                                             ; Off                ; Off                ;
; Optimization Technique                                                     ; Balanced           ; Balanced           ;
; Carry Chain Length                                                         ; 70                 ; 70                 ;
; Auto Carry Chains                                                          ; On                 ; On                 ;
; Auto Open-Drain Pins                                                       ; On                 ; On                 ;
; Perform WYSIWYG Primitive Resynthesis                                      ; Off                ; Off                ;
; Auto ROM Replacement                                                       ; On                 ; On                 ;
; Auto RAM Replacement                                                       ; On                 ; On                 ;
; Auto Shift Register Replacement                                            ; Auto               ; Auto               ;
; Allow Shift Register Merging across Hierarchies                            ; Auto               ; Auto               ;
; Auto Clock Enable Replacement                                              ; On                 ; On                 ;
; Strict RAM Replacement                                                     ; Off                ; Off                ;
; Allow Synchronous Control Signals                                          ; On                 ; On                 ;
; Force Use of Synchronous Clear Signals                                     ; Off                ; Off                ;
; Auto RAM to Logic Cell Conversion                                          ; Off                ; Off                ;
; Auto Resource Sharing                                                      ; Off                ; Off                ;
; Allow Any RAM Size For Recognition                                         ; Off                ; Off                ;
; Allow Any ROM Size For Recognition                                         ; Off                ; Off                ;
; Allow Any Shift Register Size For Recognition                              ; Off                ; Off                ;
; Use LogicLock Constraints during Resource Balancing                        ; On                 ; On                 ;
; Ignore translate_off and synthesis_off directives                          ; Off                ; Off                ;
; Timing-Driven Synthesis                                                    ; Off                ; Off                ;
; Report Parameter Settings                                                  ; On                 ; On                 ;
; Report Source Assignments                                                  ; On                 ; On                 ;
; Report Connectivity Checks                                                 ; On                 ; On                 ;
; Ignore Maximum Fan-Out Assignments                                         ; Off                ; Off                ;
; Synchronization Register Chain Length                                      ; 2                  ; 2                  ;
; PowerPlay Power Optimization                                               ; Normal compilation ; Normal compilation ;
; HDL message level                                                          ; Level2             ; Level2             ;
; Suppress Register Optimization Related Messages                            ; Off                ; Off                ;
; Number of Removed Registers Reported in Synthesis Report                   ; 5000               ; 5000               ;
; Number of Swept Nodes Reported in Synthesis Report                         ; 5000               ; 5000               ;
; Number of Inverted Registers Reported in Synthesis Report                  ; 100                ; 100                ;
; Clock MUX Protection                                                       ; On                 ; On                 ;
; Auto Gated Clock Conversion                                                ; Off                ; Off                ;
; Block Design Naming                                                        ; Auto               ; Auto               ;
; SDC constraint protection                                                  ; Off                ; Off                ;
; Synthesis Effort                                                           ; Auto               ; Auto               ;
; Shift Register Replacement - Allow Asynchronous Clear Signal               ; On                 ; On                 ;
; Pre-Mapping Resynthesis Optimization                                       ; Off                ; Off                ;
; Analysis & Synthesis Message Level                                         ; Medium             ; Medium             ;
; Disable Register Merging Across Hierarchies                                ; Auto               ; Auto               ;
; Resource Aware Inference For Block RAM                                     ; On                 ; On                 ;
; Synthesis Seed                                                             ; 1                  ; 1                  ;
+----------------------------------------------------------------------------+--------------------+--------------------+


Parallel compilation was disabled, but you have multiple processors available. Enable parallel compilation to reduce compilation time.
+-------------------------------------+
; Parallel Compilation                ;
+----------------------------+--------+
; Processors                 ; Number ;
+----------------------------+--------+
; Number detected on machine ; 12     ;
; Maximum allowed            ; 1      ;
+----------------------------+--------+


+-----------------------------------------------------------------------------------------------------------------------------------------+
; Analysis & Synthesis Source Files Read                                                                                                  ;
+----------------------------------+-----------------+-----------------+--------------------------------------------------------+---------+
; File Name with User-Entered Path ; Used in Netlist ; File Type       ; File Name with Absolute Path                           ; Library ;
+----------------------------------+-----------------+-----------------+--------------------------------------------------------+---------+
; pgm_def.vhd                      ; yes             ; User VHDL File  ; C:/Users/flore/Documents/UTT/EB02/VHDL/TP/pgm_def.vhd  ;         ;
; NanoProc.vhd                     ; yes             ; User VHDL File  ; C:/Users/flore/Documents/UTT/EB02/VHDL/TP/NanoProc.vhd ;         ;
+----------------------------------+-----------------+-----------------+--------------------------------------------------------+---------+


+-----------------------------------------------------+
; Analysis & Synthesis Resource Usage Summary         ;
+---------------------------------------------+-------+
; Resource                                    ; Usage ;
+---------------------------------------------+-------+
; Estimated Total logic elements              ; 5,821 ;
;                                             ;       ;
; Total combinational functions               ; 4015  ;
; Logic element usage by number of LUT inputs ;       ;
;     -- 4 input functions                    ; 3296  ;
;     -- 3 input functions                    ; 379   ;
;     -- <=2 input functions                  ; 340   ;
;                                             ;       ;
; Logic elements by mode                      ;       ;
;     -- normal mode                          ; 3948  ;
;     -- arithmetic mode                      ; 67    ;
;                                             ;       ;
; Total registers                             ; 2168  ;
;     -- Dedicated logic registers            ; 2168  ;
;     -- I/O registers                        ; 0     ;
;                                             ;       ;
; I/O pins                                    ; 90    ;
; Embedded Multiplier 9-bit elements          ; 0     ;
; Maximum fan-out node                        ; Clk   ;
; Maximum fan-out                             ; 2152  ;
; Total fan-out                               ; 23332 ;
; Average fan-out                             ; 3.72  ;
+---------------------------------------------+-------+


+-----------------------------------------------------------------------------------------------------------------------------------------------------------------------------+
; Analysis & Synthesis Resource Utilization by Entity                                                                                                                         ;
+----------------------------+-------------------+--------------+-------------+--------------+---------+-----------+------+--------------+---------------------+--------------+
; Compilation Hierarchy Node ; LC Combinationals ; LC Registers ; Memory Bits ; DSP Elements ; DSP 9x9 ; DSP 18x18 ; Pins ; Virtual Pins ; Full Hierarchy Name ; Library Name ;
+----------------------------+-------------------+--------------+-------------+--------------+---------+-----------+------+--------------+---------------------+--------------+
; |NanoProc                  ; 4015 (4015)       ; 2168 (2168)  ; 0           ; 0            ; 0       ; 0         ; 90   ; 0            ; |NanoProc           ; work         ;
+----------------------------+-------------------+--------------+-------------+--------------+---------+-----------+------+--------------+---------------------+--------------+
Note: For table entries with two numbers listed, the numbers in parentheses indicate the number of resources of the given type used by the specific entity alone. The numbers listed outside of parentheses indicate the total resources of the given type used by the specific entity and all of its sub-entities in the hierarchy.


Encoding Type:  One-Hot
+------------------------------------------------------------------------------------+
; State Machine - |NanoProc|adress                                                   ;
+----------------+----------------+----------------+----------------+----------------+
; Name           ; adress.REG_VAL ; adress.MEM_REG ; adress.REG_MEM ; adress.REG_REG ;
+----------------+----------------+----------------+----------------+----------------+
; adress.REG_REG ; 0              ; 0              ; 0              ; 0              ;
; adress.REG_MEM ; 0              ; 0              ; 1              ; 1              ;
; adress.MEM_REG ; 0              ; 1              ; 0              ; 1              ;
; adress.REG_VAL ; 1              ; 0              ; 0              ; 1              ;
+----------------+----------------+----------------+----------------+----------------+


Encoding Type:  One-Hot
+-------------------------------------------------------------------------------------------------------------------------------------------------------------------------------------------------------------------------------------------------------------------+
; State Machine - |NanoProc|condition                                                                                                                                                                                                                               ;
+----------------+--------------+--------------+--------------+--------------+--------------+--------------+--------------+--------------+--------------+--------------+--------------+--------------+--------------+--------------+---------------+----------------+
; Name           ; condition.VS ; condition.VC ; condition.LS ; condition.GT ; condition.PL ; condition.MI ; condition.LE ; condition.GE ; condition.LT ; condition.HI ; condition.CS ; condition.CC ; condition.NE ; condition.EQ ; condition.NVR ; condition.ALWS ;
+----------------+--------------+--------------+--------------+--------------+--------------+--------------+--------------+--------------+--------------+--------------+--------------+--------------+--------------+--------------+---------------+----------------+
; condition.ALWS ; 0            ; 0            ; 0            ; 0            ; 0            ; 0            ; 0            ; 0            ; 0            ; 0            ; 0            ; 0            ; 0            ; 0            ; 0             ; 0              ;
; condition.NVR  ; 0            ; 0            ; 0            ; 0            ; 0            ; 0            ; 0            ; 0            ; 0            ; 0            ; 0            ; 0            ; 0            ; 0            ; 1             ; 1              ;
; condition.EQ   ; 0            ; 0            ; 0            ; 0            ; 0            ; 0            ; 0            ; 0            ; 0            ; 0            ; 0            ; 0            ; 0            ; 1            ; 0             ; 1              ;
; condition.NE   ; 0            ; 0            ; 0            ; 0            ; 0            ; 0            ; 0            ; 0            ; 0            ; 0            ; 0            ; 0            ; 1            ; 0            ; 0             ; 1              ;
; condition.CC   ; 0            ; 0            ; 0            ; 0            ; 0            ; 0            ; 0            ; 0            ; 0            ; 0            ; 0            ; 1            ; 0            ; 0            ; 0             ; 1              ;
; condition.CS   ; 0            ; 0            ; 0            ; 0            ; 0            ; 0            ; 0            ; 0            ; 0            ; 0            ; 1            ; 0            ; 0            ; 0            ; 0             ; 1              ;
; condition.HI   ; 0            ; 0            ; 0            ; 0            ; 0            ; 0            ; 0            ; 0            ; 0            ; 1            ; 0            ; 0            ; 0            ; 0            ; 0             ; 1              ;
; condition.LT   ; 0            ; 0            ; 0            ; 0            ; 0            ; 0            ; 0            ; 0            ; 1            ; 0            ; 0            ; 0            ; 0            ; 0            ; 0             ; 1              ;
; condition.GE   ; 0            ; 0            ; 0            ; 0            ; 0            ; 0            ; 0            ; 1            ; 0            ; 0            ; 0            ; 0            ; 0            ; 0            ; 0             ; 1              ;
; condition.LE   ; 0            ; 0            ; 0            ; 0            ; 0            ; 0            ; 1            ; 0            ; 0            ; 0            ; 0            ; 0            ; 0            ; 0            ; 0             ; 1              ;
; condition.MI   ; 0            ; 0            ; 0            ; 0            ; 0            ; 1            ; 0            ; 0            ; 0            ; 0            ; 0            ; 0            ; 0            ; 0            ; 0             ; 1              ;
; condition.PL   ; 0            ; 0            ; 0            ; 0            ; 1            ; 0            ; 0            ; 0            ; 0            ; 0            ; 0            ; 0            ; 0            ; 0            ; 0             ; 1              ;
; condition.GT   ; 0            ; 0            ; 0            ; 1            ; 0            ; 0            ; 0            ; 0            ; 0            ; 0            ; 0            ; 0            ; 0            ; 0            ; 0             ; 1              ;
; condition.LS   ; 0            ; 0            ; 1            ; 0            ; 0            ; 0            ; 0            ; 0            ; 0            ; 0            ; 0            ; 0            ; 0            ; 0            ; 0             ; 1              ;
; condition.VC   ; 0            ; 1            ; 0            ; 0            ; 0            ; 0            ; 0            ; 0            ; 0            ; 0            ; 0            ; 0            ; 0            ; 0            ; 0             ; 1              ;
; condition.VS   ; 1            ; 0            ; 0            ; 0            ; 0            ; 0            ; 0            ; 0            ; 0            ; 0            ; 0            ; 0            ; 0            ; 0            ; 0             ; 1              ;
+----------------+--------------+--------------+--------------+--------------+--------------+--------------+--------------+--------------+--------------+--------------+--------------+--------------+--------------+--------------+---------------+----------------+


Encoding Type:  One-Hot
+---------------------------------------------------------------------------------------------------------------------------------------------------------------------------------------------------------------------------------------------------------------------------------------------------------------------+
; State Machine - |NanoProc|op                                                                                                                                                                                                                                                                                        ;
+-----------+-------+--------+--------+--------+---------+---------+---------+---------+---------+---------+---------+---------+--------+--------+--------+-----------+-----------+--------+--------+--------+--------+--------+--------+-----------+---------+---------+--------+--------+--------+--------+---------+
; Name      ; op.BR ; op.NOP ; op.CMP ; op.TST ; op.SETV ; op.CLRV ; op.SETC ; op.CLRC ; op.BINV ; op.BSET ; op.BCLR ; op.BTST ; op.LSR ; op.ASR ; op.ASL ; op.Op_ROR ; op.Op_ROL ; op.DEC ; op.INC ; op.NEG ; op.COM ; op.EOR ; op.IOR ; op.Op_AND ; op.SUBC ; op.ADDC ; op.SUB ; op.ADD ; op.SET ; op.CLR ; op.MOVE ;
+-----------+-------+--------+--------+--------+---------+---------+---------+---------+---------+---------+---------+---------+--------+--------+--------+-----------+-----------+--------+--------+--------+--------+--------+--------+-----------+---------+---------+--------+--------+--------+--------+---------+
; op.MOVE   ; 0     ; 0      ; 0      ; 0      ; 0       ; 0       ; 0       ; 0       ; 0       ; 0       ; 0       ; 0       ; 0      ; 0      ; 0      ; 0         ; 0         ; 0      ; 0      ; 0      ; 0      ; 0      ; 0      ; 0         ; 0       ; 0       ; 0      ; 0      ; 0      ; 0      ; 0       ;
; op.CLR    ; 0     ; 0      ; 0      ; 0      ; 0       ; 0       ; 0       ; 0       ; 0       ; 0       ; 0       ; 0       ; 0      ; 0      ; 0      ; 0         ; 0         ; 0      ; 0      ; 0      ; 0      ; 0      ; 0      ; 0         ; 0       ; 0       ; 0      ; 0      ; 0      ; 1      ; 1       ;
; op.SET    ; 0     ; 0      ; 0      ; 0      ; 0       ; 0       ; 0       ; 0       ; 0       ; 0       ; 0       ; 0       ; 0      ; 0      ; 0      ; 0         ; 0         ; 0      ; 0      ; 0      ; 0      ; 0      ; 0      ; 0         ; 0       ; 0       ; 0      ; 0      ; 1      ; 0      ; 1       ;
; op.ADD    ; 0     ; 0      ; 0      ; 0      ; 0       ; 0       ; 0       ; 0       ; 0       ; 0       ; 0       ; 0       ; 0      ; 0      ; 0      ; 0         ; 0         ; 0      ; 0      ; 0      ; 0      ; 0      ; 0      ; 0         ; 0       ; 0       ; 0      ; 1      ; 0      ; 0      ; 1       ;
; op.SUB    ; 0     ; 0      ; 0      ; 0      ; 0       ; 0       ; 0       ; 0       ; 0       ; 0       ; 0       ; 0       ; 0      ; 0      ; 0      ; 0         ; 0         ; 0      ; 0      ; 0      ; 0      ; 0      ; 0      ; 0         ; 0       ; 0       ; 1      ; 0      ; 0      ; 0      ; 1       ;
; op.ADDC   ; 0     ; 0      ; 0      ; 0      ; 0       ; 0       ; 0       ; 0       ; 0       ; 0       ; 0       ; 0       ; 0      ; 0      ; 0      ; 0         ; 0         ; 0      ; 0      ; 0      ; 0      ; 0      ; 0      ; 0         ; 0       ; 1       ; 0      ; 0      ; 0      ; 0      ; 1       ;
; op.SUBC   ; 0     ; 0      ; 0      ; 0      ; 0       ; 0       ; 0       ; 0       ; 0       ; 0       ; 0       ; 0       ; 0      ; 0      ; 0      ; 0         ; 0         ; 0      ; 0      ; 0      ; 0      ; 0      ; 0      ; 0         ; 1       ; 0       ; 0      ; 0      ; 0      ; 0      ; 1       ;
; op.Op_AND ; 0     ; 0      ; 0      ; 0      ; 0       ; 0       ; 0       ; 0       ; 0       ; 0       ; 0       ; 0       ; 0      ; 0      ; 0      ; 0         ; 0         ; 0      ; 0      ; 0      ; 0      ; 0      ; 0      ; 1         ; 0       ; 0       ; 0      ; 0      ; 0      ; 0      ; 1       ;
; op.IOR    ; 0     ; 0      ; 0      ; 0      ; 0       ; 0       ; 0       ; 0       ; 0       ; 0       ; 0       ; 0       ; 0      ; 0      ; 0      ; 0         ; 0         ; 0      ; 0      ; 0      ; 0      ; 0      ; 1      ; 0         ; 0       ; 0       ; 0      ; 0      ; 0      ; 0      ; 1       ;
; op.EOR    ; 0     ; 0      ; 0      ; 0      ; 0       ; 0       ; 0       ; 0       ; 0       ; 0       ; 0       ; 0       ; 0      ; 0      ; 0      ; 0         ; 0         ; 0      ; 0      ; 0      ; 0      ; 1      ; 0      ; 0         ; 0       ; 0       ; 0      ; 0      ; 0      ; 0      ; 1       ;
; op.COM    ; 0     ; 0      ; 0      ; 0      ; 0       ; 0       ; 0       ; 0       ; 0       ; 0       ; 0       ; 0       ; 0      ; 0      ; 0      ; 0         ; 0         ; 0      ; 0      ; 0      ; 1      ; 0      ; 0      ; 0         ; 0       ; 0       ; 0      ; 0      ; 0      ; 0      ; 1       ;
; op.NEG    ; 0     ; 0      ; 0      ; 0      ; 0       ; 0       ; 0       ; 0       ; 0       ; 0       ; 0       ; 0       ; 0      ; 0      ; 0      ; 0         ; 0         ; 0      ; 0      ; 1      ; 0      ; 0      ; 0      ; 0         ; 0       ; 0       ; 0      ; 0      ; 0      ; 0      ; 1       ;
; op.INC    ; 0     ; 0      ; 0      ; 0      ; 0       ; 0       ; 0       ; 0       ; 0       ; 0       ; 0       ; 0       ; 0      ; 0      ; 0      ; 0         ; 0         ; 0      ; 1      ; 0      ; 0      ; 0      ; 0      ; 0         ; 0       ; 0       ; 0      ; 0      ; 0      ; 0      ; 1       ;
; op.DEC    ; 0     ; 0      ; 0      ; 0      ; 0       ; 0       ; 0       ; 0       ; 0       ; 0       ; 0       ; 0       ; 0      ; 0      ; 0      ; 0         ; 0         ; 1      ; 0      ; 0      ; 0      ; 0      ; 0      ; 0         ; 0       ; 0       ; 0      ; 0      ; 0      ; 0      ; 1       ;
; op.Op_ROL ; 0     ; 0      ; 0      ; 0      ; 0       ; 0       ; 0       ; 0       ; 0       ; 0       ; 0       ; 0       ; 0      ; 0      ; 0      ; 0         ; 1         ; 0      ; 0      ; 0      ; 0      ; 0      ; 0      ; 0         ; 0       ; 0       ; 0      ; 0      ; 0      ; 0      ; 1       ;
; op.Op_ROR ; 0     ; 0      ; 0      ; 0      ; 0       ; 0       ; 0       ; 0       ; 0       ; 0       ; 0       ; 0       ; 0      ; 0      ; 0      ; 1         ; 0         ; 0      ; 0      ; 0      ; 0      ; 0      ; 0      ; 0         ; 0       ; 0       ; 0      ; 0      ; 0      ; 0      ; 1       ;
; op.ASL    ; 0     ; 0      ; 0      ; 0      ; 0       ; 0       ; 0       ; 0       ; 0       ; 0       ; 0       ; 0       ; 0      ; 0      ; 1      ; 0         ; 0         ; 0      ; 0      ; 0      ; 0      ; 0      ; 0      ; 0         ; 0       ; 0       ; 0      ; 0      ; 0      ; 0      ; 1       ;
; op.ASR    ; 0     ; 0      ; 0      ; 0      ; 0       ; 0       ; 0       ; 0       ; 0       ; 0       ; 0       ; 0       ; 0      ; 1      ; 0      ; 0         ; 0         ; 0      ; 0      ; 0      ; 0      ; 0      ; 0      ; 0         ; 0       ; 0       ; 0      ; 0      ; 0      ; 0      ; 1       ;
; op.LSR    ; 0     ; 0      ; 0      ; 0      ; 0       ; 0       ; 0       ; 0       ; 0       ; 0       ; 0       ; 0       ; 1      ; 0      ; 0      ; 0         ; 0         ; 0      ; 0      ; 0      ; 0      ; 0      ; 0      ; 0         ; 0       ; 0       ; 0      ; 0      ; 0      ; 0      ; 1       ;
; op.BTST   ; 0     ; 0      ; 0      ; 0      ; 0       ; 0       ; 0       ; 0       ; 0       ; 0       ; 0       ; 1       ; 0      ; 0      ; 0      ; 0         ; 0         ; 0      ; 0      ; 0      ; 0      ; 0      ; 0      ; 0         ; 0       ; 0       ; 0      ; 0      ; 0      ; 0      ; 1       ;
; op.BCLR   ; 0     ; 0      ; 0      ; 0      ; 0       ; 0       ; 0       ; 0       ; 0       ; 0       ; 1       ; 0       ; 0      ; 0      ; 0      ; 0         ; 0         ; 0      ; 0      ; 0      ; 0      ; 0      ; 0      ; 0         ; 0       ; 0       ; 0      ; 0      ; 0      ; 0      ; 1       ;
; op.BSET   ; 0     ; 0      ; 0      ; 0      ; 0       ; 0       ; 0       ; 0       ; 0       ; 1       ; 0       ; 0       ; 0      ; 0      ; 0      ; 0         ; 0         ; 0      ; 0      ; 0      ; 0      ; 0      ; 0      ; 0         ; 0       ; 0       ; 0      ; 0      ; 0      ; 0      ; 1       ;
; op.BINV   ; 0     ; 0      ; 0      ; 0      ; 0       ; 0       ; 0       ; 0       ; 1       ; 0       ; 0       ; 0       ; 0      ; 0      ; 0      ; 0         ; 0         ; 0      ; 0      ; 0      ; 0      ; 0      ; 0      ; 0         ; 0       ; 0       ; 0      ; 0      ; 0      ; 0      ; 1       ;
; op.CLRC   ; 0     ; 0      ; 0      ; 0      ; 0       ; 0       ; 0       ; 1       ; 0       ; 0       ; 0       ; 0       ; 0      ; 0      ; 0      ; 0         ; 0         ; 0      ; 0      ; 0      ; 0      ; 0      ; 0      ; 0         ; 0       ; 0       ; 0      ; 0      ; 0      ; 0      ; 1       ;
; op.SETC   ; 0     ; 0      ; 0      ; 0      ; 0       ; 0       ; 1       ; 0       ; 0       ; 0       ; 0       ; 0       ; 0      ; 0      ; 0      ; 0         ; 0         ; 0      ; 0      ; 0      ; 0      ; 0      ; 0      ; 0         ; 0       ; 0       ; 0      ; 0      ; 0      ; 0      ; 1       ;
; op.CLRV   ; 0     ; 0      ; 0      ; 0      ; 0       ; 1       ; 0       ; 0       ; 0       ; 0       ; 0       ; 0       ; 0      ; 0      ; 0      ; 0         ; 0         ; 0      ; 0      ; 0      ; 0      ; 0      ; 0      ; 0         ; 0       ; 0       ; 0      ; 0      ; 0      ; 0      ; 1       ;
; op.SETV   ; 0     ; 0      ; 0      ; 0      ; 1       ; 0       ; 0       ; 0       ; 0       ; 0       ; 0       ; 0       ; 0      ; 0      ; 0      ; 0         ; 0         ; 0      ; 0      ; 0      ; 0      ; 0      ; 0      ; 0         ; 0       ; 0       ; 0      ; 0      ; 0      ; 0      ; 1       ;
; op.TST    ; 0     ; 0      ; 0      ; 1      ; 0       ; 0       ; 0       ; 0       ; 0       ; 0       ; 0       ; 0       ; 0      ; 0      ; 0      ; 0         ; 0         ; 0      ; 0      ; 0      ; 0      ; 0      ; 0      ; 0         ; 0       ; 0       ; 0      ; 0      ; 0      ; 0      ; 1       ;
; op.CMP    ; 0     ; 0      ; 1      ; 0      ; 0       ; 0       ; 0       ; 0       ; 0       ; 0       ; 0       ; 0       ; 0      ; 0      ; 0      ; 0         ; 0         ; 0      ; 0      ; 0      ; 0      ; 0      ; 0      ; 0         ; 0       ; 0       ; 0      ; 0      ; 0      ; 0      ; 1       ;
; op.NOP    ; 0     ; 1      ; 0      ; 0      ; 0       ; 0       ; 0       ; 0       ; 0       ; 0       ; 0       ; 0       ; 0      ; 0      ; 0      ; 0         ; 0         ; 0      ; 0      ; 0      ; 0      ; 0      ; 0      ; 0         ; 0       ; 0       ; 0      ; 0      ; 0      ; 0      ; 1       ;
; op.BR     ; 1     ; 0      ; 0      ; 0      ; 0       ; 0       ; 0       ; 0       ; 0       ; 0       ; 0       ; 0       ; 0      ; 0      ; 0      ; 0         ; 0         ; 0      ; 0      ; 0      ; 0      ; 0      ; 0      ; 0         ; 0       ; 0       ; 0      ; 0      ; 0      ; 0      ; 1       ;
+-----------+-------+--------+--------+--------+---------+---------+---------+---------+---------+---------+---------+---------+--------+--------+--------+-----------+-----------+--------+--------+--------+--------+--------+--------+-----------+---------+---------+--------+--------+--------+--------+---------+


+---------------------------------------------------------------------------------+
; Registers Removed During Synthesis                                              ;
+----------------------------------------+----------------------------------------+
; Register name                          ; Reason for Removal                     ;
+----------------------------------------+----------------------------------------+
; RomData[5,20]                          ; Stuck at GND due to stuck port data_in ;
; offset_adress[7..10]                   ; Lost fanout                            ;
; op.MOVE                                ; Lost fanout                            ;
; op.CLR                                 ; Lost fanout                            ;
; op.SET                                 ; Lost fanout                            ;
; op.ADD                                 ; Lost fanout                            ;
; op.SUB                                 ; Lost fanout                            ;
; op.ADDC                                ; Lost fanout                            ;
; op.SUBC                                ; Lost fanout                            ;
; op.Op_AND                              ; Lost fanout                            ;
; op.IOR                                 ; Lost fanout                            ;
; op.EOR                                 ; Lost fanout                            ;
; op.COM                                 ; Lost fanout                            ;
; op.NEG                                 ; Lost fanout                            ;
; op.INC                                 ; Lost fanout                            ;
; op.DEC                                 ; Lost fanout                            ;
; op.Op_ROL                              ; Lost fanout                            ;
; op.Op_ROR                              ; Lost fanout                            ;
; op.ASL                                 ; Lost fanout                            ;
; op.ASR                                 ; Lost fanout                            ;
; op.LSR                                 ; Lost fanout                            ;
; op.BTST                                ; Lost fanout                            ;
; op.BCLR                                ; Lost fanout                            ;
; op.BSET                                ; Lost fanout                            ;
; op.BINV                                ; Lost fanout                            ;
; op.CLRC                                ; Lost fanout                            ;
; op.SETC                                ; Lost fanout                            ;
; op.CLRV                                ; Lost fanout                            ;
; op.SETV                                ; Lost fanout                            ;
; op.TST                                 ; Lost fanout                            ;
; op.CMP                                 ; Lost fanout                            ;
; op.NOP                                 ; Lost fanout                            ;
; op.BR                                  ; Lost fanout                            ;
; condition.LE                           ; Merged with condition.CS               ;
; condition.LS                           ; Merged with condition.CS               ;
; condition.LT                           ; Merged with condition.CS               ;
; condition.NE                           ; Merged with condition.CS               ;
; condition.NVR                          ; Merged with condition.CS               ;
; condition.PL                           ; Merged with condition.CS               ;
; condition.VS                           ; Merged with condition.CS               ;
; condition.CS                           ; Stuck at GND due to stuck port data_in ;
; Total Number of Removed Registers = 45 ;                                        ;
+----------------------------------------+----------------------------------------+


+------------------------------------------------------+
; General Register Statistics                          ;
+----------------------------------------------+-------+
; Statistic                                    ; Value ;
+----------------------------------------------+-------+
; Total registers                              ; 2168  ;
; Number of registers using Synchronous Clear  ; 0     ;
; Number of registers using Synchronous Load   ; 9     ;
; Number of registers using Asynchronous Clear ; 2077  ;
; Number of registers using Asynchronous Load  ; 0     ;
; Number of registers using Clock Enable       ; 2123  ;
; Number of registers using Preset             ; 0     ;
+----------------------------------------------+-------+


+--------------------------------------------------+
; Inverted Register Statistics                     ;
+----------------------------------------+---------+
; Inverted Register                      ; Fan out ;
+----------------------------------------+---------+
; RomData[10]                            ; 1       ;
; RomData[13]                            ; 1       ;
; RomData[22]                            ; 1       ;
; RomData[23]                            ; 1       ;
; Total number of inverted registers = 4 ;         ;
+----------------------------------------+---------+


+------------------------------------------------------------------------------------------------------------------------------------------+
; Multiplexer Restructuring Statistics (Restructuring Performed)                                                                           ;
+--------------------+-----------+---------------+----------------------+------------------------+------------+----------------------------+
; Multiplexer Inputs ; Bus Width ; Baseline Area ; Area if Restructured ; Saving if Restructured ; Registered ; Example Multiplexer Output ;
+--------------------+-----------+---------------+----------------------+------------------------+------------+----------------------------+
; 4:1                ; 8 bits    ; 16 LEs        ; 16 LEs               ; 0 LEs                  ; Yes        ; |NanoProc|REG_OUT[6]~reg0  ;
; 4:1                ; 7 bits    ; 14 LEs        ; 14 LEs               ; 0 LEs                  ; Yes        ; |NanoProc|pc[5]            ;
; 256:1              ; 8 bits    ; 1360 LEs      ; 1360 LEs             ; 0 LEs                  ; Yes        ; |NanoProc|RamData[6]~reg0  ;
; 50:1               ; 6 bits    ; 198 LEs       ; 78 LEs               ; 120 LEs                ; Yes        ; |NanoProc|REG[3][1]        ;
; 50:1               ; 6 bits    ; 198 LEs       ; 78 LEs               ; 120 LEs                ; Yes        ; |NanoProc|REG[2][1]        ;
; 50:1               ; 6 bits    ; 198 LEs       ; 78 LEs               ; 120 LEs                ; Yes        ; |NanoProc|REG[1][1]        ;
; 50:1               ; 6 bits    ; 198 LEs       ; 78 LEs               ; 120 LEs                ; Yes        ; |NanoProc|REG[0][2]        ;
; 3:1                ; 2 bits    ; 4 LEs         ; 4 LEs                ; 0 LEs                  ; No         ; |NanoProc|adress           ;
; 3:1                ; 4 bits    ; 8 LEs         ; 8 LEs                ; 0 LEs                  ; No         ; |NanoProc|condition        ;
; 3:1                ; 2 bits    ; 4 LEs         ; 4 LEs                ; 0 LEs                  ; No         ; |NanoProc|adress           ;
; 3:1                ; 4 bits    ; 8 LEs         ; 8 LEs                ; 0 LEs                  ; No         ; |NanoProc|condition        ;
; 3:1                ; 3 bits    ; 6 LEs         ; 6 LEs                ; 0 LEs                  ; No         ; |NanoProc|op.TST           ;
; 4:1                ; 8 bits    ; 16 LEs        ; 16 LEs               ; 0 LEs                  ; No         ; |NanoProc|Mux20            ;
; 4:1                ; 8 bits    ; 16 LEs        ; 16 LEs               ; 0 LEs                  ; No         ; |NanoProc|Mux31            ;
; 4:1                ; 8 bits    ; 16 LEs        ; 16 LEs               ; 0 LEs                  ; No         ; |NanoProc|Selector38       ;
; 256:1              ; 8 bits    ; 1360 LEs      ; 1360 LEs             ; 0 LEs                  ; No         ; |NanoProc|Mux37            ;
+--------------------+-----------+---------------+----------------------+------------------------+------------+----------------------------+


+-------------------------------+
; Elapsed Time Per Partition    ;
+----------------+--------------+
; Partition Name ; Elapsed Time ;
+----------------+--------------+
; Top            ; 00:00:12     ;
+----------------+--------------+


+-------------------------------+
; Analysis & Synthesis Messages ;
+-------------------------------+
Info: *******************************************************************
Info: Running Quartus II 64-Bit Analysis & Synthesis
    Info: Version 13.0.1 Build 232 06/12/2013 Service Pack 1 SJ Web Edition
    Info: Processing started: Mon Dec 07 12:14:52 2020
Info: Command: quartus_map --read_settings_files=on --write_settings_files=off EB02 -c EB02
Warning (20028): Parallel compilation is not licensed and has been disabled
Info (12021): Found 2 design units, including 1 entities, in source file proctest.vhd
    Info (12022): Found design unit 1: ProcTest-behav
    Info (12023): Found entity 1: ProcTest
Info (12021): Found 1 design units, including 0 entities, in source file pgm_def.vhd
    Info (12022): Found design unit 1: pgm_def
Info (12021): Found 2 design units, including 1 entities, in source file alu.vhd
    Info (12022): Found design unit 1: ALU-behav
    Info (12023): Found entity 1: ALU
Info (12021): Found 2 design units, including 1 entities, in source file nanoproc.vhd
    Info (12022): Found design unit 1: NanoProc-behav
    Info (12023): Found entity 1: NanoProc
Info (12127): Elaborating entity "NanoProc" for the top level hierarchy
Warning (10036): Verilog HDL or VHDL warning at NanoProc.vhd(141): object "res_8bit" assigned a value but never read
Info (13000): Registers with preset signals will power-up high
Info (13003): DEV_CLRn pin will set, and not reset, register with preset signal due to NOT Gate Push-Back
Warning (13024): Output pins are stuck at VCC or GND
    Warning (13410): Pin "ROMDATA_OUT[5]" is stuck at GND
    Warning (13410): Pin "ROMDATA_OUT[20]" is stuck at GND
    Warning (13410): Pin "PC_OUT[7]" is stuck at GND
    Warning (13410): Pin "PC_OUT[8]" is stuck at GND
    Warning (13410): Pin "PC_OUT[9]" is stuck at GND
    Warning (13410): Pin "PC_OUT[10]" is stuck at GND
    Warning (13410): Pin "PC_OUT[11]" is stuck at GND
    Warning (13410): Pin "PC_OUT[12]" is stuck at GND
    Warning (13410): Pin "PC_OUT[13]" is stuck at GND
    Warning (13410): Pin "PC_OUT[14]" is stuck at GND
    Warning (13410): Pin "PC_OUT[15]" is stuck at GND
    Warning (13410): Pin "PC_OUT[16]" is stuck at GND
    Warning (13410): Pin "PC_OUT[17]" is stuck at GND
    Warning (13410): Pin "PC_OUT[18]" is stuck at GND
    Warning (13410): Pin "PC_OUT[19]" is stuck at GND
    Warning (13410): Pin "PC_OUT[20]" is stuck at GND
    Warning (13410): Pin "PC_OUT[21]" is stuck at GND
    Warning (13410): Pin "PC_OUT[22]" is stuck at GND
    Warning (13410): Pin "PC_OUT[23]" is stuck at GND
    Warning (13410): Pin "PC_OUT[24]" is stuck at GND
    Warning (13410): Pin "PC_OUT[25]" is stuck at GND
    Warning (13410): Pin "PC_OUT[26]" is stuck at GND
    Warning (13410): Pin "PC_OUT[27]" is stuck at GND
    Warning (13410): Pin "PC_OUT[28]" is stuck at GND
    Warning (13410): Pin "PC_OUT[29]" is stuck at GND
    Warning (13410): Pin "PC_OUT[30]" is stuck at GND
    Warning (13410): Pin "PC_OUT[31]" is stuck at GND
Critical Warning (18061): Ignored Power-Up Level option on the following registers
    Critical Warning (18010): Register RomData[10] will power up to High
    Critical Warning (18010): Register RomData[13] will power up to High
    Critical Warning (18010): Register RomData[22] will power up to High
    Critical Warning (18010): Register RomData[23] will power up to High
Info (17049): 35 registers lost all their fanouts during netlist optimizations.
Info (16010): Generating hard_block partition "hard_block:auto_generated_inst"
    Info (16011): Adding 0 node(s), including 0 DDIO, 0 PLL, 0 transceiver and 0 LCELL
Info (21057): Implemented 5975 device resources after synthesis - the final resource count might be different
    Info (21058): Implemented 14 input pins
    Info (21059): Implemented 76 output pins
    Info (21061): Implemented 5885 logic cells
Info: Quartus II 64-Bit Analysis & Synthesis was successful. 0 errors, 35 warnings
    Info: Peak virtual memory: 4662 megabytes
    Info: Processing ended: Mon Dec 07 12:15:07 2020
    Info: Elapsed time: 00:00:15
    Info: Total CPU time (on all processors): 00:00:15


